> Task :compileJava UP-TO-DATE
> Task :processResources UP-TO-DATE
> Task :classes UP-TO-DATE
> Task :resolveMainClassName UP-TO-DATE

> Task :bootRun

  .   ____          _            __ _ _
 /\\ / ___'_ __ _ _(_)_ __  __ _ \ \ \ \
( ( )\___ | '_ | '_| | '_ \/ _` | \ \ \ \
 \\/  ___)| |_)| | | | | || (_| |  ) ) ) )
  '  |____| .__|_| |_|_| |_\__, | / / / /
 =========|_|==============|___/=/_/_/_/
 :: Spring Boot ::                (v3.2.1)

2025-10-05T17:33:19.595+09:00  INFO 18200 --- [  restartedMain] com.corpIns.OpenCorpInsightApplication   : Starting OpenCorpInsightApplication using Java 17.0.16 with PID 18200 (/Users/haribo/Desktop/OpenCorpInsight/front/build/classes/java/main started by haribo in /Users/haribo/Desktop/OpenCorpInsight/front)
2025-10-05T17:33:19.597+09:00  INFO 18200 --- [  restartedMain] com.corpIns.OpenCorpInsightApplication   : No active profile set, falling back to 1 default profile: "default"
2025-10-05T17:33:19.616+09:00  INFO 18200 --- [  restartedMain] .e.DevToolsPropertyDefaultsPostProcessor : Devtools property defaults active! Set 'spring.devtools.add-properties' to 'false' to disable
2025-10-05T17:33:19.616+09:00  INFO 18200 --- [  restartedMain] .e.DevToolsPropertyDefaultsPostProcessor : For additional web related logging consider setting the 'logging.level.web' property to 'DEBUG'
2025-10-05T17:33:20.013+09:00  INFO 18200 --- [  restartedMain] o.s.b.w.embedded.tomcat.TomcatWebServer  : Tomcat initialized with port 8080 (http)
2025-10-05T17:33:20.020+09:00  INFO 18200 --- [  restartedMain] o.apache.catalina.core.StandardService   : Starting service [Tomcat]
2025-10-05T17:33:20.020+09:00  INFO 18200 --- [  restartedMain] o.apache.catalina.core.StandardEngine    : Starting Servlet engine: [Apache Tomcat/10.1.17]
2025-10-05T17:33:20.107+09:00  INFO 18200 --- [  restartedMain] org.apache.jasper.servlet.TldScanner     : At least one JAR was scanned for TLDs yet contained no TLDs. Enable debug logging for this logger for a complete list of JARs that were scanned but no TLDs were found in them. Skipping unneeded JARs during scanning can improve startup time and JSP compilation time.
2025-10-05T17:33:20.110+09:00  INFO 18200 --- [  restartedMain] o.a.c.c.C.[Tomcat].[localhost].[/]       : Initializing Spring embedded WebApplicationContext
2025-10-05T17:33:20.110+09:00  INFO 18200 --- [  restartedMain] w.s.c.ServletWebServerApplicationContext : Root WebApplicationContext: initialization completed in 494 ms
2025-10-05T17:33:20.225+09:00  WARN 18200 --- [  restartedMain] .s.s.UserDetailsServiceAutoConfiguration : 

Using generated security password: e899d6a0-cbbc-4a3c-82dd-8816b62456ef

This generated password is for development use only. Your security configuration must be updated before running your application in production.

2025-10-05T17:33:20.255+09:00  INFO 18200 --- [  restartedMain] o.s.b.a.w.s.WelcomePageHandlerMapping    : Adding welcome page template: index
2025-10-05T17:33:20.317+09:00  INFO 18200 --- [  restartedMain] o.s.s.web.DefaultSecurityFilterChain     : Will secure any request with [org.springframework.security.web.session.DisableEncodeUrlFilter@7853db71, org.springframework.security.web.context.request.async.WebAsyncManagerIntegrationFilter@17dd17ee, org.springframework.security.web.context.SecurityContextHolderFilter@6fb2d3a7, org.springframework.security.web.header.HeaderWriterFilter@2b5994f0, org.springframework.web.filter.CorsFilter@2ee183e1, org.springframework.security.web.authentication.logout.LogoutFilter@44ce4940, org.springframework.security.web.savedrequest.RequestCacheAwareFilter@779287b4, org.springframework.security.web.servletapi.SecurityContextHolderAwareRequestFilter@763fd39f, org.springframework.security.web.authentication.AnonymousAuthenticationFilter@79639a8a, org.springframework.security.web.access.ExceptionTranslationFilter@57295112, org.springframework.security.web.access.intercept.AuthorizationFilter@6b308a27]
2025-10-05T17:33:20.384+09:00  INFO 18200 --- [  restartedMain] o.s.b.d.a.OptionalLiveReloadServer       : LiveReload server is running on port 35729
2025-10-05T17:33:20.399+09:00  INFO 18200 --- [  restartedMain] o.s.b.w.embedded.tomcat.TomcatWebServer  : Tomcat started on port 8080 (http) with context path ''
2025-10-05T17:33:20.405+09:00  INFO 18200 --- [  restartedMain] com.corpIns.OpenCorpInsightApplication   : Started OpenCorpInsightApplication in 0.944 seconds (process running for 1.088)
2025-10-05T17:33:37.991+09:00  INFO 18200 --- [nio-8080-exec-1] o.a.c.c.C.[Tomcat].[localhost].[/]       : Initializing Spring DispatcherServlet 'dispatcherServlet'
2025-10-05T17:33:37.992+09:00  INFO 18200 --- [nio-8080-exec-1] o.s.web.servlet.DispatcherServlet        : Initializing Servlet 'dispatcherServlet'
2025-10-05T17:33:37.992+09:00  INFO 18200 --- [nio-8080-exec-1] o.s.web.servlet.DispatcherServlet        : Completed initialization in 0 ms
2025-10-05T17:34:03.630+09:00  INFO 18200 --- [nio-8080-exec-6] c.c.controller.CorpSearchController      : 기업 검색 요청 - 검색어: 삼성전자, 제한: 10, 시작일: 20230701, 종료일: 20240930
2025-10-05T17:34:03.632+09:00  INFO 18200 --- [nio-8080-exec-6] c.c.controller.CorpSearchController      : 외부 API 호출: https://xp5bdl3ftqldheyokoroxvcocm0eorbe.lambda-url.ap-northeast-2.on.aws/?q=%EC%82%BC%EC%84%B1%EC%A0%84%EC%9E%90&limit=10&bgn_de=20230701&end_de=20240930
2025-10-05T17:34:04.045+09:00  INFO 18200 --- [nio-8080-exec-6] c.c.controller.CorpSearchController      : 외부 API 응답 성공 - 응답 길이: 959 bytes
2025-10-05T17:34:04.045+09:00  INFO 18200 --- [nio-8080-exec-6] c.c.controller.CorpSearchController      : 기업 검색 완료 - 검색어: 삼성전자
2025-10-05T17:34:53.335+09:00  INFO 18200 --- [nio-8080-exec-7] c.c.controller.CorpSearchController      : 기업 검색 요청 - 검색어: 삼성전자, 제한: 10, 시작일: 20230701, 종료일: 20240930
2025-10-05T17:34:53.335+09:00  INFO 18200 --- [nio-8080-exec-7] c.c.controller.CorpSearchController      : 외부 API 호출: https://xp5bdl3ftqldheyokoroxvcocm0eorbe.lambda-url.ap-northeast-2.on.aws/?q=%EC%82%BC%EC%84%B1%EC%A0%84%EC%9E%90&limit=10&bgn_de=20230701&end_de=20240930
2025-10-05T17:34:53.555+09:00  INFO 18200 --- [nio-8080-exec-7] c.c.controller.CorpSearchController      : 외부 API 응답 성공 - 응답 길이: 959 bytes
2025-10-05T17:34:53.555+09:00  INFO 18200 --- [nio-8080-exec-7] c.c.controller.CorpSearchController      : 기업 검색 완료 - 검색어: 삼성전자
2025-10-05T17:35:01.309+09:00  INFO 18200 --- [io-8080-exec-10] c.c.controller.CorpSearchController      : 기업 검색 요청 - 검색어: sk하이닉스, 제한: 10, 시작일: 20230701, 종료일: 20240930
2025-10-05T17:35:01.310+09:00  INFO 18200 --- [io-8080-exec-10] c.c.controller.CorpSearchController      : 외부 API 호출: https://xp5bdl3ftqldheyokoroxvcocm0eorbe.lambda-url.ap-northeast-2.on.aws/?q=sk%ED%95%98%EC%9D%B4%EB%8B%89%EC%8A%A4&limit=10&bgn_de=20230701&end_de=20240930
2025-10-05T17:35:01.478+09:00  INFO 18200 --- [io-8080-exec-10] c.c.controller.CorpSearchController      : 외부 API 응답 성공 - 응답 길이: 310 bytes
2025-10-05T17:35:01.478+09:00  INFO 18200 --- [io-8080-exec-10] c.c.controller.CorpSearchController      : 기업 검색 완료 - 검색어: sk하이닉스
